 
****************************************
Report : constraint
Design : hybrid_chaotic_encryption
Version: P-2019.03-SP5
Date   : Sun May 25 18:51:58 2025
****************************************


                                                   Weighted
    Group (max_delay/setup)      Cost     Weight     Cost
    -----------------------------------------------------
    FEEDTHROUGH                  0.00      1.00      0.00
    REGIN                        0.00      1.00      0.00
    REGOUT                       0.00      1.00      0.00
    clk                         60.13      1.00     60.13
    default                      0.00      1.00      0.00
    -----------------------------------------------------
    max_delay/setup                                 60.13

                              Total Neg  Critical
    Group (critical_range)      Slack    Endpoints   Cost
    -----------------------------------------------------
    FEEDTHROUGH                  0.00         0      0.00
    REGIN                        0.00         0      0.00
    REGOUT                       0.00         0      0.00
    clk                        663.66         1     60.13
    default                      0.00         0      0.00
    -----------------------------------------------------
    critical_range                                  60.13

                                                   Weighted
    Group (min_delay/hold)       Cost     Weight     Cost
    -----------------------------------------------------
    FEEDTHROUGH                  0.00      1.00      0.00
    REGIN (no fix_hold)          0.00      1.00      0.00
    REGOUT (no fix_hold)         0.00      1.00      0.00
    clk (no fix_hold)            0.00      1.00      0.00
    default                      0.00      1.00      0.00
    -----------------------------------------------------
    min_delay/hold                                   0.00
    Constraint                                     Slack
    ----------------------------------------------------
    max_leakage_power                            -582.10  (VIOLATED)


    Constraint                                       Cost
    -----------------------------------------------------
    multiport_net                                    0.00 (MET)
    max_transition                                   0.00 (MET)
    max_capacitance                                  0.00 (MET)
    max_delay/setup                                 60.13 (VIOLATED)
    sequential_clock_pulse_width                     0.00 (MET)
    critical_range                                  60.13 (VIOLATED)
    max_leakage_power                              582.10 (VIOLATED)


1
