 
****************************************
Report : area
Design : hybrid_chaotic_encryption
Version: P-2019.03-SP5
Date   : Sun May 25 18:51:58 2025
****************************************

Library(s) Used:

    tcb018g3d3wc_ccs (File: /afs/ee.ust.hk/amd64_linux26/usr/eelocal/tsmc_icdc/tsmc180/tsmc180_MS_RF_G/SC/tcb018g3d3/Rev280a/Front_End/timing_power_noise/CCS/tcb018g3d3_280a/tcb018g3d3wc_ccs.db)

Number of ports:                         1117
Number of nets:                          4973
Number of cells:                         3412
Number of combinational cells:           3183
Number of sequential cells:               178
Number of macros/black boxes:               0
Number of buf/inv:                        580
Number of references:                       5

Combinational area:             115416.402409
Buf/Inv area:                     5912.928187
Noncombinational area:           11896.416042
Macro/Black Box area:                0.000000
Net Interconnect area:      undefined  (Wire load has zero net area)

Total cell area:                127312.818451
Total area:                 undefined
1
