Checking out Encounter license ...
	edsxl		DENIED:		"Encounter_Digital_Impl_Sys_XL"
	edsl		DENIED:		"Encounter_Digital_Impl_Sys_L"
	encblk		DENIED:		"Encounter_Block"
	fegxl		DENIED:		"First_Encounter_GXL"
	fexl		DENIED:		"FE_GPS"
	nru		DENIED:		"NanoRoute_Ultra"
	vdixl		DENIED:		"Virtuoso_Digital_Implem_XL"
	vdi		CHECKED OUT:	"Virtuoso_Digital_Implem"
Virtuoso_Digital_Implem 14.2 license checkout succeeded.
	Maximum number of instance allowed (1 x 50000).
**ERROR: (ENCOAX-142):	Could not open shared library libfeoax22.so : liboaDesign.so: cannot open shared object file: No such file or directory

**ERROR: (ENCOAX-142):	OA features will be disabled in this session.

*******************************************************************
*   Copyright (c)  Cadence Design Systems, Inc.  1996 - 2014.     *
*                     All rights reserved.                        *
*                                                                 *
*                                                                 *
*                                                                 *
* This program contains confidential and trade secret information *
* of Cadence Design Systems, Inc. and is protected by copyright   *
* law and international treaties.  Any reproduction, use,         *
* distribution or disclosure of this program or any portion of it,*
* or any attempt to obtain a human-readable version of this       *
* program, without the express, prior written consent of          *
* Cadence Design Systems, Inc., is strictly prohibited.           *
*                                                                 *
*                 Cadence Design Systems, Inc.                    *
*                    2655 Seely Avenue                            *
*                   San Jose, CA 95134,  USA                      *
*                                                                 *
*                                                                 *
*******************************************************************

@(#)CDS: Encounter v14.26-s039_1 (64bit) 07/15/2015 11:34 (Linux 2.6.18-194.el5)
@(#)CDS: NanoRoute v14.26-s022 NR150713-1956/14_26-UB (database version 2.30, 267.6.1) {superthreading v1.25}
@(#)CDS: CeltIC v14.26-s013_1 (64bit) 07/14/2015 03:32:40 (Linux 2.6.18-194.el5)
@(#)CDS: AAE 14.26-s007 (64bit) 07/15/2015 (Linux 2.6.18-194.el5)
@(#)CDS: CTE 14.26-s010_1 (64bit) Jul 15 2015 01:38:12 (Linux 2.6.18-194.el5)
@(#)CDS: CPE v14.26-s026
@(#)CDS: IQRC/TQRC 14.2.2-s217 (64bit) Wed Apr 15 23:10:24 PDT 2015 (Linux 2.6.18-194.el5)
@(#)CDS: OA 22.50-p011 Tue Nov 11 03:24:55 2014
@(#)CDS: SGN 10.10-p124 (19-Aug-2014) (64 bit executable)
@(#)CDS: RCDB 11.5
--- Starting "Encounter v14.26-s039_1" on Mon Apr 21 17:30:49 2025 (mem=94.3M) ---
--- Running on ecelvd804.ece.local (x86_64 w/Linux 3.10.0-1160.95.1.el7.x86_64) ---
This version was compiled on Wed Jul 15 11:34:51 PDT 2015.
Set DBUPerIGU to 1000.
Set net toggle Scale Factor to 1.00
Set Shrink Factor to 1.00000

**INFO:  MMMC transition support version v31-84 

<CMD> set_global _enable_mmmc_by_default_flow      $CTE::mmmc_default
<CMD> suppressMessage ENCEXT-2799
Sourcing tcl/tk file "scripts/top.tcl" ...
<CMD> set init_verilog ../syn/results/encoder.mapped.v
<CMD> set init_mmmc_file scripts/mmc2.view
<CMD> set init_lef_file /afs/ee.ust.hk/sun4x_56/usr/eelocal/tsmc_icdc/tsmc180/tsmc180_MS_RF_G/SC/tcb018g3d3/Rev280a/Back_End/lef/tcb018g3d3_280a/lef/tcb018g3d3_6lm.lef
<CMD> set init_pwr_net VDD
<CMD> set init_gnd_net VSS
<CMD> init_design
**ERROR: (ENCOAX-820):	The OA features are disabled in the current session of Encounter because the oax shared library could not be loaded properly. This could be because your installation was not properly configured. To enable OA features, exit the current session and re-launch Encounter either after fixing your installation by running the Configure Installation phase, or after setting the OA_HOME variable to point to a proper OA installation. Check the "OpenAccess Installation and Configuration Guide" manual for more information.

**ERROR: (ENCOAX-850):	oaxCreateCdsLibArray command cannot be run as OA features are disabled in this session.
**ERROR: (TCLCMD-989):	cannot open SDC file '../syn/results/encoder.sdc' for mode 'SDC'
**ERROR: (ENCSYT-6692):	Invalid return code while executing 'scripts/top.tcl' was returned and script processing was stopped. Review the following error in 'scripts/top.tcl' then restart.
Error info: scripts/top.tcl: 
    while executing
"create_constraint_mode -name SDC \
                       -sdc_files [list ../syn/results/encoder.sdc]"
    (file "/dfs/usrhome/yhsuai/elec5160/design1/layout/scripts/.view_def_init_design_15615.tclaMMg2e" line 29)
    invoked from within
"::se_source_orig /dfs/usrhome/yhsuai/elec5160/design1/layout/scripts/.view_def_init_design_15615.tclaMMg2e"
    ("uplevel" body line 1)
    invoked from within
"uplevel [concat ::se_source_orig $args]"
    (procedure "source" line 141)
    invoked from within
"source /dfs/usrhome/yhsuai/elec5160/design1/layout/scripts/.view_def_init_design_15615.tclaMMg2e"
    ("uplevel" body line 1)
    invoked from within
"uplevel #0 [list source $new_view_def]"
    (procedure "::init_design::process_view_def" line 59)
    invoked from within
"::init_design::process_view_def $::init_mmmc_file"
    (procedure "init_design" line 112)
    invoked from within
"init_design"
    (file "scripts/top.tcl" line 26)
    invoked from within
"::se_source_orig scripts/top.tcl"
    ("uplevel" body line 1)
    invoked from within
"uplevel [concat ::se_source_orig $args]"
    (procedure "source" line 141)
    invoked from within
"source scripts/top.tcl"
    (in namespace inscope "::" script line 1)
    invoked from within
"namespace inscope :: source $initFile".
<CMD> win
