#######################################################################################
# log primitive debug message of FSDB dumping                                         #
# This is for R&D to analyze when there are issues happening when FSDB dump           #
#######################################################################################
ANF: vcsd_get_serial_mode_status('./simv: undefined symbol: vcsd_get_serial_mode_status')
ANF: vcsd_enable_sva_success_callback('./simv: undefined symbol: vcsd_enable_sva_success_callback')
ANF: vcsd_disable_sva_success_callback('./simv: undefined symbol: vcsd_disable_sva_success_callback')
ANF: vcsd_get_power_scope_name('./simv: undefined symbol: vcsd_get_power_scope_name')
ANF: vcsd_dump_var_vpdg('./simv: undefined symbol: vcsd_dump_var_vpdg')
ANF: vcsd_begin_no_value_var_info('./simv: undefined symbol: vcsd_begin_no_value_var_info')
ANF: vcsd_end_no_value_var_info('./simv: undefined symbol: vcsd_end_no_value_var_info')
ANF: vcsd_remove_xprop_merge_mode_callback('./simv: undefined symbol: vcsd_remove_xprop_merge_mode_callback')
ANF: vhpi_get_cb_info('./simv: undefined symbol: vhpi_get_cb_info')
ANF: vhpi_free_handle('./simv: undefined symbol: vhpi_free_handle')
ANF: vhpi_fetch_vcsd_handle('./simv: undefined symbol: vhpi_fetch_vcsd_handle')
ANF: vhpi_fetch_vpi_handle('./simv: undefined symbol: vhpi_fetch_vpi_handle')
ANF: vhpi_has_verilog_parent('./simv: undefined symbol: vhpi_has_verilog_parent')
ANF: vhpi_is_verilog_scope('./simv: undefined symbol: vhpi_is_verilog_scope')
ANF: scsd_xprop_is_enabled('./simv: undefined symbol: scsd_xprop_is_enabled')
ANF: scsd_xprop_sig_is_promoted('./simv: undefined symbol: scsd_xprop_sig_is_promoted')
ANF: scsd_xprop_int_xvalue('./simv: undefined symbol: scsd_xprop_int_xvalue')
ANF: scsd_xprop_bool_xvalue('./simv: undefined symbol: scsd_xprop_bool_xvalue')
ANF: scsd_xprop_enum_xvalue('./simv: undefined symbol: scsd_xprop_enum_xvalue')
ANF: scsd_xprop_register_merge_mode_cb('./simv: undefined symbol: scsd_xprop_register_merge_mode_cb')
ANF: scsd_xprop_delete_merge_mode_cb('./simv: undefined symbol: scsd_xprop_delete_merge_mode_cb')
ANF: scsd_xprop_get_merge_mode('./simv: undefined symbol: scsd_xprop_get_merge_mode')
ANF: scsd_thread_get_info('./simv: undefined symbol: scsd_thread_get_info')
ANF: scsd_thread_vc_init('./simv: undefined symbol: scsd_thread_vc_init')
ANF: scsd_master_set_delta_sync_cbk('./simv: undefined symbol: scsd_master_set_delta_sync_cbk')
ANF: scsd_fgp_get_fsdb_cores('./simv: undefined symbol: scsd_fgp_get_fsdb_cores')
ANF: scsd_fgp_get_is_cpu_affinity_disabled('./simv: undefined symbol: scsd_fgp_get_is_cpu_affinity_disabled')
ANF: vdi_dt_get_vlog_variant_size_array_info('./simv: undefined symbol: vdi_dt_get_vlog_variant_size_array_info')
ANF: vhdi_dt_get_type('./simv: undefined symbol: vhdi_dt_get_type')
ANF: vhdi_dt_get_key('./simv: undefined symbol: vhdi_dt_get_key')
ANF: vhdi_dt_get_vhdl_enum_info('./simv: undefined symbol: vhdi_dt_get_vhdl_enum_info')
ANF: vhdi_dt_get_vhdl_physical_info('./simv: undefined symbol: vhdi_dt_get_vhdl_physical_info')
ANF: vhdi_dt_get_vhdl_array_info('./simv: undefined symbol: vhdi_dt_get_vhdl_array_info')
ANF: vhdi_dt_get_vhdl_record_info('./simv: undefined symbol: vhdi_dt_get_vhdl_record_info')
ANF: vhdi_dt_get_vhdl_integer_range_info('./simv: undefined symbol: vhdi_dt_get_vhdl_integer_range_info')
ANF: vhdi_def_traverse_module('./simv: undefined symbol: vhdi_def_traverse_module')
ANF: vhdi_def_traverse_scope('./simv: undefined symbol: vhdi_def_traverse_scope')
ANF: vhdi_def_traverse_variable('./simv: undefined symbol: vhdi_def_traverse_variable')
ANF: vhdi_def_get_module_id_by_vhpi('./simv: undefined symbol: vhdi_def_get_module_id_by_vhpi')
ANF: vhdi_def_get_handle_by_module_id('./simv: undefined symbol: vhdi_def_get_handle_by_module_id')
ANF: vhdi_def_get_variable_info_by_vhpi('./simv: undefined symbol: vhdi_def_get_variable_info_by_vhpi')
ANF: vhdi_def_free('./simv: undefined symbol: vhdi_def_free')
ANF: vhdi_ist_traverse_scope('./simv: undefined symbol: vhdi_ist_traverse_scope')
ANF: vhdi_ist_traverse_variable('./simv: undefined symbol: vhdi_ist_traverse_variable')
ANF: vhdi_ist_convert_by_vhpi('./simv: undefined symbol: vhdi_ist_convert_by_vhpi')
ANF: vhdi_ist_clone('./simv: undefined symbol: vhdi_ist_clone')
ANF: vhdi_ist_free('./simv: undefined symbol: vhdi_ist_free')
ANF: vhdi_ist_hash_key('./simv: undefined symbol: vhdi_ist_hash_key')
ANF: vhdi_ist_compare('./simv: undefined symbol: vhdi_ist_compare')
ANF: vhdi_ist_get_value_addr('./simv: undefined symbol: vhdi_ist_get_value_addr')
ANF: vhdi_set_scsd_callback('./simv: undefined symbol: vhdi_set_scsd_callback')
ANF: vhdi_cbk_set_force_callback('./simv: undefined symbol: vhdi_cbk_set_force_callback')
ANF: vhdi_trigger_init_force('./simv: undefined symbol: vhdi_trigger_init_force')
ANF: vhdi_ist_check_scsd_callback('./simv: undefined symbol: vhdi_ist_check_scsd_callback')
ANF: vhdi_ist_add_scsd_callback('./simv: undefined symbol: vhdi_ist_add_scsd_callback')
ANF: vhdi_ist_remove_scsd_callback('./simv: undefined symbol: vhdi_ist_remove_scsd_callback')
ANF: vhdi_ist_get_scsd_user_data('./simv: undefined symbol: vhdi_ist_get_scsd_user_data')
ANF: vhdi_add_time_change_callback('./simv: undefined symbol: vhdi_add_time_change_callback')
ANF: vhdi_get_real_value_by_value_addr('./simv: undefined symbol: vhdi_get_real_value_by_value_addr')
ANF: vhdi_get_64_value_by_value_addr('./simv: undefined symbol: vhdi_get_64_value_by_value_addr')
ANF: vhdi_xprop_inst_is_promoted('./simv: undefined symbol: vhdi_xprop_inst_is_promoted')
ANF: vdi_ist_convert_by_vhdi('./simv: undefined symbol: vdi_ist_convert_by_vhdi')
ANF: vhdi_ist_get_module_id('./simv: undefined symbol: vhdi_ist_get_module_id')
ANF: vhdi_refine_foreign_scope_type('./simv: undefined symbol: vhdi_refine_foreign_scope_type')
ANF: vhdi_flush_callback('./simv: undefined symbol: vhdi_flush_callback')
ANF: vhdi_set_orig_name('./simv: undefined symbol: vhdi_set_orig_name')
ANF: vhdi_set_dump_pt('./simv: undefined symbol: vhdi_set_dump_pt')
ANF: vhdi_set_int_subtype('./simv: undefined symbol: vhdi_set_int_subtype')
ANF: vhdi_set_fixed_point('./simv: undefined symbol: vhdi_set_fixed_point')
ANF: vhdi_get_fsdb_option('./simv: undefined symbol: vhdi_get_fsdb_option')
ANF: vhdi_fgp_get_mode('./simv: undefined symbol: vhdi_fgp_get_mode')
ANF: vhdi_node_register_composite_var('./simv: undefined symbol: vhdi_node_register_composite_var')
ANF: vhdi_node_analysis('./simv: undefined symbol: vhdi_node_analysis')
ANF: vhdi_node_id('./simv: undefined symbol: vhdi_node_id')
ANF: vhdi_node_ist_check_scsd_callback('./simv: undefined symbol: vhdi_node_ist_check_scsd_callback')
ANF: vhdi_node_ist_add_scsd_callback('./simv: undefined symbol: vhdi_node_ist_add_scsd_callback')
ANF: vhdi_node_ist_get_value_addr('./simv: undefined symbol: vhdi_node_ist_get_value_addr')
ANF: vhdi_enc_def_traverse_module('./simv: undefined symbol: vhdi_enc_def_traverse_module')
ANF: vhdi_enc_def_traverse_scope('./simv: undefined symbol: vhdi_enc_def_traverse_scope')
ANF: vhdi_enc_def_traverse_variable('./simv: undefined symbol: vhdi_enc_def_traverse_variable')
ANF: vhdi_enc_ist_traverse_scope('./simv: undefined symbol: vhdi_enc_ist_traverse_scope')
ANF: vhdi_enc_ist_traverse_variable('./simv: undefined symbol: vhdi_enc_ist_traverse_variable')
ANF: vhdi_enc_ist_get_module_id('./simv: undefined symbol: vhdi_enc_ist_get_module_id')
ANF: vhdi_enc_def_get_handle_by_module_id('./simv: undefined symbol: vhdi_enc_def_get_handle_by_module_id')
VCS compile option:
 option[0]: ./simv
 option[1]: -ucli
 option[2]: -do
 option[3]: fsdb.tcl
 option[4]: -l
 option[5]: sim.log
 option[6]: +PLAINTEXT=/dfs/usrhome/kjyu/Desktop/eesm5020/design_project/tb/tc_data/plaintext_sanity.txt
 option[7]: +PARAM=/dfs/usrhome/kjyu/Desktop/eesm5020/design_project/tb/tc_data/param_sanity.txt
 option[8]: /usr/eelocal/synopsys/vcs-vv2023.12/linux64/bin/vcs1
 option[9]: -Mcc=gcc
 option[10]: -Mcplusplus=g++
 option[11]: -Masflags=
 option[12]: -Mcfl= -pipe -fPIC -O -I/usr/eelocal/synopsys/vcs-vv2023.12/include 
 option[13]: -Mxllcflags=
 option[14]: -Mxcflags= -pipe -fPIC -I/usr/eelocal/synopsys/vcs-vv2023.12/include
 option[15]: -Mldflags= -rdynamic 
 option[16]: -Mout=simv
 option[17]: -Mamsrun=
 option[18]: -Mvcsaceobjs=
 option[19]: -Mobjects= /usr/eelocal/synopsys/vcs-vv2023.12/linux64/lib/libvirsim.so /usr/eelocal/synopsys/vcs-vv2023.12/linux64/lib/liberrorinf.so /usr/eelocal/synopsys/vcs-vv2023.12/linux64/lib/libsnpsmalloc.so /usr/eelocal/synopsys/vcs-vv2023.12/linux64/lib/libvfs.so 
 option[20]: -Mexternalobj=
 option[21]: -Msaverestoreobj=/usr/eelocal/synopsys/vcs-vv2023.12/linux64/lib/vcs_save_restore_new.o
 option[22]: -Mcrt0=
 option[23]: -Mcrtn=
 option[24]: -Mcsrc=
 option[25]: -Msyslibs=-ldl 
 option[26]: -full64
 option[27]: -kdb
 option[28]: -Xufe=2steps
 option[29]: +v2k
 option[30]: -debug_access+all+bc
 option[31]: +vpi
 option[32]: +vcsd
 option[33]: +memcbk
 option[34]: +itf+/usr/eelocal/synopsys/vcs-vv2023.12/linux64/lib/vcsdp.tab
 option[35]: -debug_region+cell
 option[36]: -top
 option[37]: tb_hybrid_chaotic_encryption
 option[38]: -timescale=1ns/1ps
 option[39]: +neg_tchk
 option[40]: +warn=noTFIPC
 option[41]: +warn=noSDFCOM_UHICD
 option[42]: +warn=noTFIPC,noSDFCOM_UHICD
 option[43]: +define+SDF_FILE=""../layout/results/design_top.sdf""
 option[44]: -picarchive
 option[45]: -sverilog
 option[46]: -gen_obj
 option[47]: ../layout/results/encoder.routed.v
 option[48]: -f
 option[49]: ../tb/tb.f
 option[50]: -v
 option[51]: /afs/ee.ust.hk/amd64_linux26/usr/eelocal/tsmc_icdc/tsmc180/tsmc180_MS_RF_G/SC/tcb018g3d3/Rev280a/Front_End/verilog/tcb018g3d3_280a/tcb018g3d3.v
 option[52]: timescale=1ns/1ps
Chronologic Simulation VCS Release V-2023.12_Full64
Linux 3.10.0-1160.119.1.el7.x86_64 #1 SMP Tue Jun 4 14:43:51 UTC 2024 x86_64
CPU cores: 24
Limit information:
======================================
cputime		unlimited
filesize		unlimited
datasize		unlimited
stacksize		8192 kbytes
coredumpsize		0 kbytes
memoryuse		unlimited
vmemoryuse		unlimited
descriptors		100000
memorylocked		64 kbytes
maxproc		4096
======================================
(Special)Runtime environment variables:

Runtime environment variables:
REMOTEHOST=127.0.0.1
QRC_HOME=/usr/eelocal/cadence/ext191
SALT_LICENSE_SERVER=27031@eels2.ece.ust.hk
TMIARCH=RH_64
SSH_AGENT_PID=49790
XDG_SESSION_ID=19408
HOSTNAME=ecelvd703.ece.local
IMSETTINGS_INTEGRATE_DESKTOP=yes
KIT_SETUP_SAVE=/usr/eelocal/cadence/incisiv152hf/kits/VerificationKit
TERM=xterm-256color
VTE_VERSION=5204
HOST=ecelvd703.ece.local
XDG_MENU_PREFIX=gnome-
SHELL=/bin/tcsh
TB_PATH=/dfs/usrhome/kjyu/Desktop/eesm5020/design_project/tb/
PERL5LIB=/staff/ee/kjyu/perl5/lib/perl5
GNOME_TERMINAL_SCREEN=/org/gnome/Terminal/screen/af1a645c_de03_4f1d_bd73_a7ad52b8a0d8
VMANAGER_PATH=/usr/eelocal/cadence/incisiv152hf/kits/VerificationKit/soc_verification_lib:/usr/eelocal/cadence/incisiv152hf/kits/VerificationKit/soc_verification_lib/e_ex_lib/cdn_vm_ext/e
VCS_TARGET_ARCH=amd64
CDS_LOAD_ENV=CSF
HSP_GCC_VERSION=9.2.0
QTDIR=/usr/lib64/qt-3.3
PERL_MB_OPT=--install_base /staff/ee/kjyu/perl5
QTINC=/usr/lib64/qt-3.3/include
USE_CALIBRE_64=YES
SPAPI_AHDL_INCLUDE=/dfs/app/synopsys/hspice-vt2022.06-3/hspice/include
IMSETTINGS_MODULE=none
QT_GRAPHICSSYSTEM_CHECKED=1
HSP_HOME=/dfs/app/synopsys/hspice-vt2022.06-3/hspice
USER=kjyu
GROUP=domain users
LD_LIBRARY_PATH=/usr/eelocal/synopsys/verdi-vv2023.12/share/PLI/VCS/LINUX64
LS_COLORS=rs=0:di=38;5;27:ln=38;5;51:mh=44;38;5;15:pi=40;38;5;11:so=38;5;13:do=38;5;5:bd=48;5;232;38;5;11:cd=48;5;232;38;5;3:or=48;5;232;38;5;9:mi=05;48;5;232;38;5;15:su=48;5;196;38;5;15:sg=48;5;11;38;5;16:ca=48;5;196;38;5;226:tw=48;5;10;38;5;16:ow=48;5;10;38;5;21:st=48;5;21;38;5;15:ex=38;5;34:*.tar=38;5;9:*.tgz=38;5;9:*.arc=38;5;9:*.arj=38;5;9:*.taz=38;5;9:*.lha=38;5;9:*.lz4=38;5;9:*.lzh=38;5;9:*.lzma=38;5;9:*.tlz=38;5;9:*.txz=38;5;9:*.tzo=38;5;9:*.t7z=38;5;9:*.zip=38;5;9:*.z=38;5;9:*.Z=38;5;9:*.dz=38;5;9:*.gz=38;5;9:*.lrz=38;5;9:*.lz=38;5;9:*.lzo=38;5;9:*.xz=38;5;9:*.bz2=38;5;9:*.bz=38;5;9:*.tbz=38;5;9:*.tbz2=38;5;9:*.tz=38;5;9:*.deb=38;5;9:*.rpm=38;5;9:*.jar=38;5;9:*.war=38;5;9:*.ear=38;5;9:*.sar=38;5;9:*.rar=38;5;9:*.alz=38;5;9:*.ace=38;5;9:*.zoo=38;5;9:*.cpio=38;5;9:*.7z=38;5;9:*.rz=38;5;9:*.cab=38;5;9:*.jpg=38;5;13:*.jpeg=38;5;13:*.gif=38;5;13:*.bmp=38;5;13:*.pbm=38;5;13:*.pgm=38;5;13:*.ppm=38;5;13:*.tga=38;5;13:*.xbm=38;5;13:*.xpm=38;5;13:*.tif=38;5;13:*.tiff=38;5;13:*.png=38;5;13:*.svg=38;5;13:*.svgz=38;5;13:*.mng=38;5;13:*.pcx=38;5;13:*.mov=38;5;13:*.mpg=38;5;13:*.mpeg=38;5;13:*.m2v=38;5;13:*.mkv=38;5;13:*.webm=38;5;13:*.ogm=38;5;13:*.mp4=38;5;13:*.m4v=38;5;13:*.mp4v=38;5;13:*.vob=38;5;13:*.qt=38;5;13:*.nuv=38;5;13:*.wmv=38;5;13:*.asf=38;5;13:*.rm=38;5;13:*.rmvb=38;5;13:*.flc=38;5;13:*.avi=38;5;13:*.fli=38;5;13:*.flv=38;5;13:*.gl=38;5;13:*.dl=38;5;13:*.xcf=38;5;13:*.xwd=38;5;13:*.yuv=38;5;13:*.cgm=38;5;13:*.emf=38;5;13:*.axv=38;5;13:*.anx=38;5;13:*.ogv=38;5;13:*.ogx=38;5;13:*.aac=38;5;45:*.au=38;5;45:*.flac=38;5;45:*.mid=38;5;45:*.midi=38;5;45:*.mka=38;5;45:*.mp3=38;5;45:*.mpc=38;5;45:*.ogg=38;5;45:*.ra=38;5;45:*.wav=38;5;45:*.axa=38;5;45:*.oga=38;5;45:*.spx=38;5;45:*.xspf=38;5;45:
GNOME_TERMINAL_SERVICE=:1.110
CDS_LICENSE_DIR=/usr/eelocal/cadence/ic617-706/share/license
SYNTHESIS_HOME=/usr/eelocal/synopsys/syn-vp2019.03-sp5
installdir=/dfs/app/synopsys/hspice-vt2022.06-3/hspice
HOSTTYPE=x86_64-linux
SSH_AUTH_SOCK=/run/user/1694650621/keyring/ssh
SPECMAN_PATH=/usr/eelocal/cadence/incisiv152hf/kits/VerificationKit/soc_verification_lib/e_ex_lib:/usr/eelocal/cadence/incisiv152hf/kits/VerificationKit/soc_verification_lib/abv_formal:/usr/eelocal/cadence/incisiv152hf/kits/VerificationKit/util_lib:/usr/eelocal/cadence/incisiv152hf/kits/VerificationKit/misc/links:/usr/eelocal/cadence/incisiv152hf/kits/VerificationKit:/usr/eelocal/cadence/incisiv152hf/kits/VerificationKit/ovm_ex_lib/e_ex_lib:/usr/eelocal/cadence/incisiv152hf/kits/VerificationKit/misc:/usr/eelocal/cadence/incisiv152hf/kits/VerificationKit/soc_verification_lib/uvm_e_ex_lib/interface_uvc_lib:/usr/eelocal/cadence/incisiv152hf/kits/VerificationKit/soc_verification_lib/uvm_e_ex_lib/apb_subsystem:/usr/eelocal/cadence/incisiv152hf/kits/VerificationKit/soc_verification_lib/uvm_e_ex_lib
SNPSLMD_LICENSE_FILE=27041@eels3.ece.ust.hk
SESSION_MANAGER=local/unix:@/tmp/.ICE-unix/49809,unix/unix:/tmp/.ICE-unix/49809
USERNAME=kjyu
CMIARCH=RH_64
MGC_CALIBRE_PRESERVE_MENU_TRIGGER=
GNOME_SHELL_SESSION_MODE=classic
DESKTOP_SESSION=gnome-classic
MAIL=/var/spool/mail/kjyu
PATH=/usr/eelocal/cadence/ext191/tools/bin:/usr/eelocal/cadence/innovus201/bin:/usr/eelocal/cadence/innovus201/share/celtic/scripts:/usr/eelocal/synopsys/verdi-vv2023.12/bin:/usr/eelocal/cadence/mmsim141/tools/bin:/usr/eelocal/cadence/ic617-706/tools/bin:/usr/eelocal/cadence/ic617-706/tools/dfII/bin:/usr/eelocal/cadence/edi142/tools/bin:/usr/eelocal/cadence/ext191/tools/bin:/usr/eelocal/cadence/assura41hf9_617/tools/bin:/usr/eelocal/cadence/assura41hf9_617/tools/assura/bin:/usr/eelocal/cadence/rc101/tools/bin:/usr/eelocal/mentor/cal_2013.1_34/ixl_cal_2013.1_34.21/bin:/usr/eelocal/synopsys/syn-vp2019.03-sp5/bin:/usr/eelocal/synopsys/vcs-vv2023.12/bin:/usr/eelocal/synopsys/wv-vt2022.06-2/bin:/dfs/app/synopsys/hspice-vt2022.06-3/hspice/bin:/dfs/app/synopsys/hspice-vt2022.06-3/hspice/GNU/linux64/gcc/bin:/dfs/app/synopsys/hspice-vt2022.06-3/hspice/linux64:/usr/bin:/usr/ucb/bin:/usr/eelocal/synopsys/hspice-vt2022.06-3/hspice/bin:/usr/eelocal/cadence/ext191/tools/bin:/usr/eelocal/cadence/innovus201/bin:/usr/eelocal/cadence/innovus201/share/celtic/scripts:/usr/eelocal/synopsys/verdi-vv2023.12/bin:/usr/eelocal/cadence/mmsim141/tools/bin:/usr/eelocal/cadence/ic617-706/tools/bin:/usr/eelocal/cadence/ic617-706/tools/dfII/bin:/usr/eelocal/cadence/edi142/tools/bin:/usr/eelocal/cadence/incisiv152hf/kits/VerificationKit/bin:/usr/eelocal/cadence/incisiv152hf/tools/bin:/usr/eelocal/cadence/ext191/tools/bin:/usr/eelocal/cadence/assura41hf9_617/tools/bin:/usr/eelocal/cadence/assura41hf9_617/tools/assura/bin:/usr/eelocal/cadence/rc101/tools/bin:/usr/eelocal/mentor/cal_2013.1_34/ixl_cal_2013.1_34.21/bin:/usr/eelocal/synopsys/syn-vp2019.03-sp5/bin:/usr/eelocal/synopsys/vcs-vv2023.12/bin:/usr/eelocal/synopsys/wv-vt2022.06-2/bin:/dfs/app/synopsys/hspice-vt2022.06-3/hspice/bin:/dfs/app/synopsys/hspice-vt2022.06-3/hspice/GNU/linux64/gcc/bin:/dfs/app/synopsys/hspice-vt2022.06-3/hspice/linux64:/usr/bin:/usr/ucb/bin:/usr/eelocal/synopsys/hspice-vt2022.06-3/hspice/bin:/usr/lib64/qt-3.3/bin:/staff/ee/kjyu/perl5/bin:/usr/local/bin:/usr/local/sbin:/usr/bin:/usr/sbin:/bin:/sbin
QT_IM_MODULE=ibus
VERDI_HOME=/usr/eelocal/synopsys/verdi-vv2023.12
CALIBRE_HOME=/usr/eelocal/mentor/cal_2013.1_34/ixl_cal_2013.1_34.21
XDG_SESSION_TYPE=x11
PWD=/staff/ee/kjyu/Desktop/eesm5020/design_project/layout_sim
VCS_HOME=/usr/eelocal/synopsys/vcs-vv2023.12
XMODIFIERS=@im=ibus
LANG=C
GDM_LANG=en_US.UTF-8
MODULEPATH=/usr/share/Modules/modulefiles:/etc/modulefiles
LOADEDMODULES=
KDEDIRS=/usr
CDSHOME=/usr/eelocal/cadence/ic617-706
CDS_Netlisting_Mode=Analog
GDMSESSION=gnome-classic
KRB5CCNAME=KEYRING:persistent:1694650621
NCPROTECT_KEYDB=/usr/eelocal/cadence/incisiv152hf/kits/VerificationKit/misc/ip_keys
CDS_LIC_ROOT=/usr/eelocal/cadence/license
PERL_HOMEDIR=1
DMS_DESIGN=/usr/eelocal/cadence/incisiv152hf/kits/VerificationKit/designs/socv/ams
HSP_GCC=/dfs/app/synopsys/hspice-vt2022.06-3/hspice/GNU/linux64/gcc/bin/gcc -m64 
SHLVL=2
HOME=/staff/ee/kjyu
OSTYPE=linux
MGC_HOME=/usr/eelocal/mentor/cal_2013.1_34/ixl_cal_2013.1_34.21
CDS_AUTO_64BIT=ALL
GNOME_DESKTOP_SESSION_ID=this-is-deprecated
SNPS_64=1
SNPS_PLATFORM=linux64
HSP_SIGMA_AMP=/dfs/app/synopsys/hspice-vt2022.06-3/hspice/linux64/python/AVA/ava
VENDOR=unknown
PERL_LOCAL_LIB_ROOT=/staff/ee/kjyu/perl5
XDG_SESSION_DESKTOP=gnome-classic
LOGNAME=kjyu
MACHTYPE=x86_64
MGLS_LICENSE_FILE=27031@eels2.ece.ust.hk
QTLIB=/usr/lib64/qt-3.3/lib
DBUS_SESSION_BUS_ADDRESS=unix:abstract=/tmp/dbus-AQt1B2NgdG,guid=0875324b46aed8b9b0d028236832d33c
XDG_DATA_DIRS=/staff/ee/kjyu/.local/share/flatpak/exports/share/:/var/lib/flatpak/exports/share/:/usr/local/share/:/usr/share/
SOCV_KIT_HOME=/usr/eelocal/cadence/incisiv152hf/kits/VerificationKit
CDS_LIC_FILE=27021@eels2.ece.ust.hk:27021@eels.ece.ust.hk
mraarch=linux_64
MODULESHOME=/usr/share/Modules
LESSOPEN=||/usr/bin/lesspipe.sh %s
ARCH=linux64
CDPL_HOME=/dfs/app/synopsys/hspice-vt2022.06-3/hspice/cdpl
WINDOWPATH=1
XDG_RUNTIME_DIR=/run/user/1694650621
DISPLAY=127.0.0.1:105
MMSIM_HOME=/usr/eelocal/cadence/mmsim141
QT_PLUGIN_PATH=/usr/lib64/kde4/plugins:/usr/lib/kde4/plugins
RTL_PATH=/dfs/usrhome/kjyu/Desktop/eesm5020/design_project/rtl
XDG_CURRENT_DESKTOP=GNOME-Classic:GNOME
ASSURAHOME=/usr/eelocal/cadence/assura41hf9_617
PERL_MM_OPT=INSTALL_BASE=/staff/ee/kjyu/perl5
XAUTHORITY=/run/gdm/auth-for-kjyu-JKjrHh/database
COLORTERM=truecolor
_=./simv
VCS_PATHMAP_PRELOAD_DONE=1
VCS_STACK_EXEC=true
VCS_EXEC_DONE=1
LC_ALL=C
DVE=/usr/eelocal/synopsys/vcs-vv2023.12/gui/dve
SPECMAN_OUTPUT_TO_TTY=1
FLEXLM_BORROWFILE=/staff/ee/kjyu/.ecelvd703.ece.local-borrow.txt
Runtime command line arguments:
argv[0]=./simv
argv[1]=-ucli
argv[2]=-do
argv[3]=fsdb.tcl
argv[4]=-l
argv[5]=sim.log
argv[6]=+PLAINTEXT=/dfs/usrhome/kjyu/Desktop/eesm5020/design_project/tb/tc_data/plaintext_sanity.txt
argv[7]=+PARAM=/dfs/usrhome/kjyu/Desktop/eesm5020/design_project/tb/tc_data/param_sanity.txt
284 profile - 100
          CPU/Mem usage: 0.050 sys,  0.250 user,  392.41M mem
285 Elapsed time:    0:00:00    Sun May 25 20:23:28 2025
286 User CPU time used: 0 seconds
287 System CPU time used: 0 seconds
288 pliAppInit
289 [SC]Init: MemoryConsumed=0.00MB ElapsedTime=0hour 0min. 0sec.
290 FSDB_GATE is set.
291 FSDB_RTL is set.
292 FSDB_PACKED_MODE is enabled.
293 FSDB_GATE_PACKED is enabled.
294 FSDB_ALIAS_ARRAY_ELEM is set to 4294967295.
295 Enable Parallel Dumping.
296 pliAppMiscSet: New Sim Round
297 pliEntryInit
298 LIBSSCORE=found /usr/eelocal/synopsys/verdi-vv2023.12/share/PLI/lib/LINUXAMD64/libsscore_vcs202312.so through $NOVAS_HOME setting.
299 FSDB Dumper for VCS, Release Verdi_V-2023.12, Linux x86_64/64bit, 11/15/2023
300 (C) 1996 - 2023 by Synopsys, Inc.
301 sps_tcl_fsdbDumpfile_main at 0
302 argv[0]: waves.fsdb
303 *Verdi* FSDB WARNING: The FSDB file already exists. Overwriting the FSDB file may crash the programs that are using this file.
304 *Verdi* : Create FSDB file 'waves.fsdb'
305 [spi_vcs_vd_ppi_create_root]: no upf option
306 compile option from '/dfs/usrhome/kjyu/Desktop/eesm5020/design_project/layout_sim/simv.daidir/vcs_rebuild'.
307   "vcs '-full64' '-kdb' '-sverilog' '../layout/results/encoder.routed.v' '-f' '../tb/tb.f' '+v2k' '-debug_all' '-top' 'tb_hybrid_chaotic_encryption' '-timescale=1ns/1ps' '+neg_tchk' '+warn=noTFIPC,noSDFCOM_UHICD' '-v' '/afs/ee.ust.hk/amd64_linux26/usr/eelocal/tsmc_icdc/tsmc180/tsmc180_MS_RF_G/SC/tcb018g3d3/Rev280a/Front_End/verilog/tcb018g3d3_280a/tcb018g3d3.v' '+define+SDF_FILE="../layout/results/design_top.sdf"' 2>&1"
308 DVDI_is_vir_unload_enabled is enable
309 FSDB_VCS_ENABLE_NATIVE_VC is enable
310 sps_tcl_fsdbDumpvars_vd_main
311 argv[0]: 0
312 argv[1]: tb_hybrid_chaotic_encryption
313 *Verdi* : Begin traversing the scope (tb_hybrid_chaotic_encryption), layer (0).
314 *Verdi* : End of traversing.
315 pliAppHDL_DumpVarComplete traverse var: profile - 
          CPU/Mem usage: 0.070 sys,  0.490 user,  493.84M mem
                   incr: 0.010 sys,  0.230 user,  9.02M mem
                   accu: 0.010 sys,  0.230 user,  9.02M mem
              accu incr: 0.010 sys,  0.230 user,  9.02M mem

          Count usage: 54660 var,  27342 idcode,  13993 callback
                 incr: 54660 var,  27342 idcode,  13993 callback
                 accu: 54660 var,  27342 idcode,  13993 callback
            accu incr: 54660 var,  27342 idcode,  13993 callback
316 Elapsed time:    0:00:00    Sun May 25 20:23:28 2025
317 User CPU time used: 0 seconds
318 System CPU time used: 0 seconds
319 pliAppHDL_DumpVarComplete: profile - 
          CPU/Mem usage: 0.070 sys,  0.490 user,  494.89M mem
                   incr: 0.000 sys,  0.000 user,  1.05M mem
                   accu: 0.010 sys,  0.230 user,  10.07M mem
              accu incr: 0.000 sys,  0.000 user,  1.05M mem

          Count usage: 54660 var,  27342 idcode,  13993 callback
                 incr: 0 var,  0 idcode,  0 callback
                 accu: 54660 var,  27342 idcode,  13993 callback
            accu incr: 0 var,  0 idcode,  0 callback
320 Elapsed time:    0:00:00    Sun May 25 20:23:28 2025
321 User CPU time used: 0 seconds
322 System CPU time used: 0 seconds
323 End of simulation at 20035000
324 Memory usage: 615.674 M
325 Maximum resident set size: 147 MB
326 Hard page faults: 0
327 Soft page faults: 51149
328 Elapsed time:    0:00:10    Sun May 25 20:23:38 2025
329 User CPU time used: 14 seconds
330 System CPU time used: 0 seconds
331 Begin FSDB profile info:
332 FSDB Writer : bc1(78228499) bcn(528069) mtf/stf(0/0)
FSDB Writer elapsed time : flush(0.344739) io wait(0.000000) theadpool wait(0.000000)
FSDB Writer cpu time : MT Compression : 0
333 End FSDB profile info
334 FSDB closed. Name: waves.fsdb Size: 1181398
335 Parallel profile     - ProducerThread:1 ConsumerThread:1 Buffer:64MB
336                      - BlockUsed:380 Acquire:0 BufferUsed:794648502
337                      - Flush:3 Expand:0 ProducerWait:0 ConsumerWait:378
338                      - MainProducerTime:10.481733139 TotalConsumerTime:4.576975484
339                      - ElapsedTime:10.384003000
340 Producer   0 profile - BlockUsed:380 Acquire:0 BufferUsed:794648502
341 Consumer   0 profile - Affinity:-1 CPUTime:4.576975484 LifeTime:9.587771121 (0.48%)
342                      - BlockUsed:380 Acquire:0 BufferUsed:794648502
343 SimExit
344 Elapsed time:    0:00:10    Sun May 25 20:23:38 2025
345 User CPU time used: 14 seconds
346 System CPU time used: 0 seconds
347 Sim process exit
