Command: /dfs/usrhome/kjyu/Desktop/eesm5020/design_project/layout_sim/./simv -ucli -do fsdb.tcl -l sim.log +PLAINTEXT=/dfs/usrhome/kjyu/Desktop/eesm5020/design_project/tb/tc_data/plaintext_sanity.txt +PARAM=/dfs/usrhome/kjyu/Desktop/eesm5020/design_project/tb/tc_data/param_sanity.txt
Chronologic VCS simulator copyright 1991-2023
Contains Synopsys proprietary information.
Compiler version V-2023.12_Full64; Runtime version V-2023.12_Full64;  May 25 20:23 2025
ucli% fsdbDumpfile "waves.fsdb"
*Verdi* Loading libsscore_vcs202312.so
FSDB Dumper for VCS, Release Verdi_V-2023.12, Linux x86_64/64bit, 11/15/2023
(C) 1996 - 2023 by Synopsys, Inc.
*Verdi* FSDB WARNING: The FSDB file already exists. Overwriting the FSDB file may crash the programs that are using this file.
*Verdi* : Create FSDB file 'waves.fsdb'
ucli% fsdbDumpvars 0 "tb_hybrid_chaotic_encryption"
*Verdi* : Begin traversing the scope (tb_hybrid_chaotic_encryption), layer (0).
*Verdi* : End of traversing.
ucli% run
data from /dfs/usrhome/kjyu/Desktop/eesm5020/design_project/tb/tc_data/param_sanity.txt
precision is 1 
k is 02 
y0 is 03 
a is 04 
mu is 05
data from /dfs/usrhome/kjyu/Desktop/eesm5020/design_project/tb/tc_data/plaintext_sanity.txt
         49 data sent and received 
PASS: simulation end
$finish called from file "/dfs/usrhome/kjyu/Desktop/eesm5020/design_project/tb//hybrid_chaotic_encryption_tb.sv", line 144.
$finish at simulation time             20035000
           V C S   S i m u l a t i o n   R e p o r t 
Time: 20035000 ps
CPU Time:     15.060 seconds;       Data structure size:   2.6Mb
Sun May 25 20:23:38 2025
