Invoking simulator...

./simv -sml=verdi +UVM_VERDI_TRACE=UVM_AWARE +fsdb+gate=off -ucli2Proc -ucli
debImport "-i" "-simflow" "-dbdir" "./simv.daidir"
*Verdi* Loading libsscore_vcs202312.so

FSDB Dumper for VCS, Release Verdi_V-2023.12, Linux x86_64/64bit, 11/15/2023
(C) 1996 - 2023 by Synopsys, Inc.
*Verdi* : Create FSDB file '/dfs/usrhome/kjyu/Desktop/eesm5020/design_project/syn_sim/inter.fsdb'
*Verdi* : Flush all FSDB Files at 0 ps.

*Verdi* : Enable RPC Server(12782)

srcTBInvokeSim
Chronologic VCS simulator copyright 1991-2023
Contains Synopsys proprietary information.
Compiler version V-2023.12_Full64; Runtime version V-2023.12_Full64;  May 25 19:19 2025
Warning : License for product VCS-BASE-RUNTIME will expire within 25 days, on: 18-jun-2025.
If you would like to temporarily disable this message, set 
 the VCS_LIC_EXPIRE_WARNING environment variable to the number of days
before expiration that you want this message to start (the minimum is 0).
           V C S   S i m u l a t i o n   R e p o r t 
Time: 0 ps
CPU Time:      0.070 seconds;       Data structure size:   1.0Mb
Sun May 25 19:19:35 2025
debExit
